<?xml version="1.0" encoding="UTF-8"?>
<!-- Generated by org.testng.reporters.JUnitReportReporter -->
<testsuite hostname="BLRL49780" failures="0" tests="1" name="newStuff.SimpleGetTest" time="2.064" errors="0" timestamp="28 Aug 2019 12:39:49 GMT" skipped="0">
  <testcase classname="newStuff.SimpleGetTest" name="GetWeatherDetails" time="2.064"/>
</testsuite> <!-- newStuff.SimpleGetTest -->
